[2022-05-15T20:59:52.923317+00:00] AmazingStore.INFO: Logger is now Ready [] []
[2022-05-15T21:00:14.912379+00:00] AmazingStore.INFO: loginHandler::login: Enter [] []
[2022-05-15T21:00:14.914944+00:00] AmazingStore.INFO: SecurityService::authenticate Enter. [] []
[2022-05-15T21:00:14.917915+00:00] AmazingStore.INFO: SecurityService::authenticate Exit. [] []
[2022-05-15T21:00:14.929672+00:00] AmazingStore.INFO: loginHandler::login: Successful [] []
[2022-05-15T21:00:14.929859+00:00] AmazingStore.INFO: loginHandler::login: Exit [] []
[2022-05-15T21:08:05.178337+00:00] AmazingStore.INFO: ProductSearchHandler::search: Enter [] []
[2022-05-15T21:08:05.180529+00:00] AmazingStore.INFO: ProductBusinessService::searchByProductName Enter. [] []
[2022-05-15T21:08:05.514208+00:00] AmazingStore.INFO: ProductBusinessService::searchByProductName Exit. [] []
[2022-05-15T21:08:05.515202+00:00] AmazingStore.INFO: ProductSearchHandler::search: Exit [] []
[2022-05-15T21:08:24.049393+00:00] AmazingStore.INFO: ProductSearchHandler::search: Enter [] []
[2022-05-15T21:08:24.052107+00:00] AmazingStore.INFO: ProductBusinessService::searchByProductName Enter. [] []
[2022-05-15T21:08:24.089046+00:00] AmazingStore.INFO: ProductBusinessService::searchByProductName Exit. [] []
[2022-05-15T21:08:24.089464+00:00] AmazingStore.INFO: ProductSearchHandler::search: Exit [] []
[2022-05-15T21:09:57.718186+00:00] AmazingStore.INFO: ProductSearchHandler::search: Enter [] []
[2022-05-15T21:09:57.719327+00:00] AmazingStore.INFO: ProductBusinessService::searchByProductName Enter. [] []
[2022-05-15T21:09:58.131222+00:00] AmazingStore.INFO: ProductBusinessService::searchByProductName Exit. [] []
[2022-05-15T21:09:58.131875+00:00] AmazingStore.INFO: ProductSearchHandler::search: Exit [] []
[2022-05-15T21:10:12.868905+00:00] AmazingStore.INFO: ProductSearchHandler::search: Enter [] []
[2022-05-15T21:10:12.870950+00:00] AmazingStore.INFO: ProductBusinessService::searchByProductName Enter. [] []
[2022-05-15T21:10:12.877272+00:00] AmazingStore.INFO: ProductBusinessService::searchByProductName Exit. [] []
[2022-05-15T21:10:12.877653+00:00] AmazingStore.INFO: ProductSearchHandler::search: Exit [] []
[2022-05-15T21:10:24.434846+00:00] AmazingStore.INFO: logoutHandler::logout: Enter [] []
[2022-05-15T21:10:24.436303+00:00] AmazingStore.INFO: logoutHandler::logout: Exit [] []
[2022-05-15T21:10:24.451071+00:00] AmazingStore.INFO: Logger is now Ready [] []
[2022-05-15T21:10:55.595366+00:00] AmazingStore.INFO: registerHandler::register: Enter [] []
[2022-05-15T21:10:55.598038+00:00] AmazingStore.INFO: UserBusinessService::createUser Enter. [] []
[2022-05-15T21:13:40.105268+00:00] AmazingStore.INFO: registerHandler::register: Enter [] []
[2022-05-15T21:13:40.107934+00:00] AmazingStore.INFO: UserBusinessService::createUser Enter. [] []
[2022-05-15T21:13:40.180421+00:00] AmazingStore.INFO: UserBusinessService::createUser Exit. [] []
[2022-05-15T21:13:40.180534+00:00] AmazingStore.INFO: registerHandler::register: Exit [] []
